{"contracts\\Erc.sol":{"l":{"16":0,"20":0,"24":0,"28":0,"32":3,"33":3,"37":3,"38":3,"42":3,"43":3,"44":3,"45":3,"49":8,"53":3,"54":3,"55":3,"56":3,"60":0,"61":0,"62":0,"66":2,"67":2,"68":2,"69":2,"73":1,"77":1,"81":1,"82":1,"86":1,"88":1,"90":1,"91":1,"92":1,"109":3,"110":3,"114":0,"115":0,"119":1,"120":1,"121":1,"122":1,"123":1,"124":1,"128":2,"129":2,"131":2,"133":2,"134":2,"138":2},"path":"E:\\solidity\\erc20\\contracts\\Erc.sol","s":{"1":0,"2":0,"3":0,"4":0,"5":3,"6":3,"7":3,"8":8,"9":3,"10":3,"11":0,"12":2,"13":2,"14":1,"15":1,"16":1,"17":1,"18":1,"19":0,"20":1,"21":1,"22":1,"23":1,"24":1,"25":1,"26":2},"b":{"1":[3,0],"2":[3,0],"3":[3,0],"4":[0,0],"5":[2,0],"6":[1,0],"7":[0,0],"8":[1,0],"9":[1,0],"10":[2,0],"11":[2,0]},"f":{"1":0,"2":0,"3":0,"4":0,"5":3,"6":3,"7":3,"8":8,"9":3,"10":0,"11":2,"12":1,"13":1,"14":1,"15":1,"16":6,"17":3,"18":3,"19":0,"20":1,"21":2},"fnMap":{"1":{"name":"name","line":15,"loc":{"start":{"line":15,"column":4},"end":{"line":17,"column":4}}},"2":{"name":"symbol","line":19,"loc":{"start":{"line":19,"column":4},"end":{"line":21,"column":4}}},"3":{"name":"decimals","line":23,"loc":{"start":{"line":23,"column":4},"end":{"line":25,"column":4}}},"4":{"name":"totalSupply","line":27,"loc":{"start":{"line":27,"column":4},"end":{"line":29,"column":4}}},"5":{"name":"enoughTokens","line":31,"loc":{"start":{"line":31,"column":4},"end":{"line":34,"column":4}}},"6":{"name":"onlyOwner","line":36,"loc":{"start":{"line":36,"column":4},"end":{"line":39,"column":4}}},"7":{"name":"constructor","line":41,"loc":{"start":{"line":41,"column":4},"end":{"line":46,"column":4}}},"8":{"name":"balanceOf","line":48,"loc":{"start":{"line":48,"column":4},"end":{"line":50,"column":4}}},"9":{"name":"mint","line":52,"loc":{"start":{"line":52,"column":4},"end":{"line":57,"column":4}}},"10":{"name":"burn","line":59,"loc":{"start":{"line":59,"column":4},"end":{"line":63,"column":4}}},"11":{"name":"transfer","line":65,"loc":{"start":{"line":65,"column":4},"end":{"line":70,"column":4}}},"12":{"name":"allowance","line":72,"loc":{"start":{"line":72,"column":4},"end":{"line":74,"column":4}}},"13":{"name":"approve","line":76,"loc":{"start":{"line":76,"column":4},"end":{"line":78,"column":4}}},"14":{"name":"_approve","line":80,"loc":{"start":{"line":80,"column":4},"end":{"line":83,"column":4}}},"15":{"name":"transferFrom","line":85,"loc":{"start":{"line":85,"column":4},"end":{"line":93,"column":4}}},"16":{"name":"_beforeTokenTransfer","line":95,"loc":{"start":{"line":95,"column":4},"end":{"line":95,"column":91}}},"17":{"name":"constructor","line":99,"loc":{"start":{"line":99,"column":4},"end":{"line":99,"column":66}}},"18":{"name":"constructor","line":108,"loc":{"start":{"line":108,"column":4},"end":{"line":111,"column":4}}},"19":{"name":"onlyOwner","line":113,"loc":{"start":{"line":113,"column":4},"end":{"line":116,"column":4}}},"20":{"name":"sell","line":118,"loc":{"start":{"line":118,"column":4},"end":{"line":125,"column":4}}},"21":{"name":"tokenBalance","line":137,"loc":{"start":{"line":137,"column":4},"end":{"line":139,"column":4}}}},"statementMap":{"1":{"start":{"line":16,"column":8},"end":{"line":16,"column":20}},"2":{"start":{"line":20,"column":8},"end":{"line":20,"column":22}},"3":{"start":{"line":24,"column":8},"end":{"line":24,"column":17}},"4":{"start":{"line":28,"column":8},"end":{"line":28,"column":26}},"5":{"start":{"line":32,"column":8},"end":{"line":32,"column":65}},"6":{"start":{"line":37,"column":8},"end":{"line":37,"column":52}},"7":{"start":{"line":45,"column":8},"end":{"line":45,"column":32}},"8":{"start":{"line":49,"column":8},"end":{"line":49,"column":32}},"9":{"start":{"line":53,"column":8},"end":{"line":53,"column":53}},"10":{"start":{"line":56,"column":8},"end":{"line":56,"column":47}},"11":{"start":{"line":60,"column":8},"end":{"line":60,"column":54}},"12":{"start":{"line":66,"column":8},"end":{"line":66,"column":51}},"13":{"start":{"line":69,"column":8},"end":{"line":69,"column":45}},"14":{"start":{"line":73,"column":8},"end":{"line":73,"column":42}},"15":{"start":{"line":77,"column":8},"end":{"line":77,"column":44}},"16":{"start":{"line":82,"column":8},"end":{"line":82,"column":45}},"17":{"start":{"line":86,"column":8},"end":{"line":86,"column":54}},"18":{"start":{"line":92,"column":8},"end":{"line":92,"column":48}},"19":{"start":{"line":114,"column":8},"end":{"line":114,"column":52}},"20":{"start":{"line":119,"column":8},"end":{"line":119,"column":102}},"21":{"start":{"line":120,"column":8},"end":{"line":120,"column":67}},"22":{"start":{"line":121,"column":8},"end":{"line":121,"column":62}},"23":{"start":{"line":122,"column":8},"end":{"line":122,"column":67}},"24":{"start":{"line":123,"column":8},"end":{"line":123,"column":50}},"25":{"start":{"line":124,"column":8},"end":{"line":124,"column":44}},"26":{"start":{"line":138,"column":8},"end":{"line":138,"column":45}}},"branchMap":{"1":{"line":32,"type":"if","locations":[{"start":{"line":32,"column":8},"end":{"line":32,"column":8}},{"start":{"line":32,"column":8},"end":{"line":32,"column":8}}]},"2":{"line":37,"type":"if","locations":[{"start":{"line":37,"column":8},"end":{"line":37,"column":8}},{"start":{"line":37,"column":8},"end":{"line":37,"column":8}}]},"3":{"line":52,"type":"if","locations":[{"start":{"line":52,"column":52},"end":{"line":52,"column":52}},{"start":{"line":52,"column":52},"end":{"line":52,"column":52}}]},"4":{"line":59,"type":"if","locations":[{"start":{"line":59,"column":53},"end":{"line":59,"column":53}},{"start":{"line":59,"column":53},"end":{"line":59,"column":53}}]},"5":{"line":65,"type":"if","locations":[{"start":{"line":65,"column":56},"end":{"line":65,"column":56}},{"start":{"line":65,"column":56},"end":{"line":65,"column":56}}]},"6":{"line":85,"type":"if","locations":[{"start":{"line":85,"column":81},"end":{"line":85,"column":81}},{"start":{"line":85,"column":81},"end":{"line":85,"column":81}}]},"7":{"line":114,"type":"if","locations":[{"start":{"line":114,"column":8},"end":{"line":114,"column":8}},{"start":{"line":114,"column":8},"end":{"line":114,"column":8}}]},"8":{"line":119,"type":"if","locations":[{"start":{"line":119,"column":8},"end":{"line":119,"column":8}},{"start":{"line":119,"column":8},"end":{"line":119,"column":8}}]},"9":{"line":121,"type":"if","locations":[{"start":{"line":121,"column":8},"end":{"line":121,"column":8}},{"start":{"line":121,"column":8},"end":{"line":121,"column":8}}]},"10":{"line":129,"type":"if","locations":[{"start":{"line":129,"column":8},"end":{"line":129,"column":8}},{"start":{"line":129,"column":8},"end":{"line":129,"column":8}}]},"11":{"line":131,"type":"if","locations":[{"start":{"line":131,"column":8},"end":{"line":131,"column":8}},{"start":{"line":131,"column":8},"end":{"line":131,"column":8}}]}}},"contracts\\IERC20.sol":{"l":{},"path":"E:\\solidity\\erc20\\contracts\\IERC20.sol","s":{},"b":{},"f":{},"fnMap":{},"statementMap":{},"branchMap":{}}}