TN:
SF:E:\solidity\erc20\contracts\Erc.sol
FN:15,name
FN:19,symbol
FN:23,decimals
FN:27,totalSupply
FN:31,enoughTokens
FN:36,onlyOwner
FN:41,constructor
FN:48,balanceOf
FN:52,mint
FN:59,burn
FN:65,transfer
FN:72,allowance
FN:76,approve
FN:80,_approve
FN:85,transferFrom
FN:95,_beforeTokenTransfer
FN:99,constructor
FN:108,constructor
FN:113,onlyOwner
FN:118,sell
FN:137,tokenBalance
FNF:21
FNH:15
FNDA:0,name
FNDA:0,symbol
FNDA:0,decimals
FNDA:0,totalSupply
FNDA:3,enoughTokens
FNDA:3,onlyOwner
FNDA:3,constructor
FNDA:8,balanceOf
FNDA:3,mint
FNDA:0,burn
FNDA:2,transfer
FNDA:1,allowance
FNDA:1,approve
FNDA:1,_approve
FNDA:1,transferFrom
FNDA:6,_beforeTokenTransfer
FNDA:3,constructor
FNDA:3,constructor
FNDA:0,onlyOwner
FNDA:1,sell
FNDA:2,tokenBalance
DA:16,0
DA:20,0
DA:24,0
DA:28,0
DA:32,3
DA:33,3
DA:37,3
DA:38,3
DA:42,3
DA:43,3
DA:44,3
DA:45,3
DA:49,8
DA:53,3
DA:54,3
DA:55,3
DA:56,3
DA:60,0
DA:61,0
DA:62,0
DA:66,2
DA:67,2
DA:68,2
DA:69,2
DA:73,1
DA:77,1
DA:81,1
DA:82,1
DA:86,1
DA:88,1
DA:90,1
DA:91,1
DA:92,1
DA:109,3
DA:110,3
DA:114,0
DA:115,0
DA:119,1
DA:120,1
DA:121,1
DA:122,1
DA:123,1
DA:124,1
DA:128,2
DA:129,2
DA:131,2
DA:133,2
DA:134,2
DA:138,2
LF:49
LH:40
BRDA:32,1,0,3
BRDA:32,1,1,0
BRDA:37,2,0,3
BRDA:37,2,1,0
BRDA:52,3,0,3
BRDA:52,3,1,0
BRDA:59,4,0,0
BRDA:59,4,1,0
BRDA:65,5,0,2
BRDA:65,5,1,0
BRDA:85,6,0,1
BRDA:85,6,1,0
BRDA:114,7,0,0
BRDA:114,7,1,0
BRDA:119,8,0,1
BRDA:119,8,1,0
BRDA:121,9,0,1
BRDA:121,9,1,0
BRDA:129,10,0,2
BRDA:129,10,1,0
BRDA:131,11,0,2
BRDA:131,11,1,0
BRF:22
BRH:9
end_of_record
TN:
SF:E:\solidity\erc20\contracts\IERC20.sol
FNF:0
FNH:0
LF:0
LH:0
BRF:0
BRH:0
end_of_record
